0 info it worked if it ends with ok
1 verbose cli [ 'c:\\Program Files\\nodejs\\node.exe',
1 verbose cli   'C:\\Users\\rosalindwills\\AppData\\Roaming\\npm\\node_modules\\npm\\bin\\npm-cli.js',
1 verbose cli   'run',
1 verbose cli   'eslint:controllers' ]
2 info using npm@3.10.6
3 info using node@v4.4.7
4 verbose run-script [ 'preeslint:controllers',
4 verbose run-script   'eslint:controllers',
4 verbose run-script   'posteslint:controllers' ]
5 info lifecycle rpthreadtracker@1.0.0~preeslint:controllers: rpthreadtracker@1.0.0
6 silly lifecycle rpthreadtracker@1.0.0~preeslint:controllers: no script for preeslint:controllers, continuing
7 info lifecycle rpthreadtracker@1.0.0~eslint:controllers: rpthreadtracker@1.0.0
8 verbose lifecycle rpthreadtracker@1.0.0~eslint:controllers: unsafe-perm in lifecycle true
9 verbose lifecycle rpthreadtracker@1.0.0~eslint:controllers: PATH: C:\Users\rosalindwills\AppData\Roaming\npm\node_modules\npm\bin\node-gyp-bin;c:\Users\rosalindwills\Documents\Visual Studio 2012\Projects\TumblrThreadTracker\TumblrThreadTracker\application\node_modules\.bin;c:\Users\rosalindwills\bin;.;C:\Program Files (x86)\Git\local\bin;C:\Program Files (x86)\Git\mingw\bin;C:\Program Files (x86)\Git\bin;c:\Program Files\ConEmu;c:\Program Files\ConEmu\ConEmu;c:\Perl64\site\bin;c:\Perl64\bin;c:\Program Files\Java\jdk1.7.0_51\bin;c:\Program Files (x86)\EasyPHP-DevServer-13.1VC11\binaries\php\php_runningversion;c:\Program Files\Common Files\Microsoft Shared\Windows Live;c:\Program Files (x86)\Common Files\Microsoft Shared\Windows Live;c:\Program Files (x86)\Intel\iCLS Client\;c:\Program Files\Intel\iCLS Client\;c:\Windows\system32;c:\Windows;c:\Windows\System32\Wbem;c:\Windows\System32\WindowsPowerShell\v1.0\;c:\Program Files\Intel\Intel(R) Management Engine Components\DAL;c:\Program Files\Intel\Intel(R) Management Engine Components\IPT;c:\Program Files (x86)\Intel\Intel(R) Management Engine Components\DAL;c:\Program Files (x86)\Intel\Intel(R) Management Engine Components\IPT;c:\Program Files (x86)\Windows Live\Shared;c:\Program Files (x86)\Microsoft ASP.NET\ASP.NET Web Pages\v1.0\;c:\Program Files\Microsoft SQL Server\110\Tools\Binn\;c:\Program Files (x86)\Ant\apache-ant-1.9.3\bin;c:\Program Files (x86)\Cobertura\bin;c:\cygwin64\bin;.;c:\Program Files\Microsoft SQL Server\Client SDK\ODBC\110\Tools\Binn\;c:\Program Files (x86)\Microsoft SQL Server\120\Tools\Binn\;c:\Program Files\Microsoft SQL Server\120\Tools\Binn\;c:\Program Files\Microsoft SQL Server\120\DTS\Binn\;c:\Program Files (x86)\Microsoft SQL Server\120\Tools\Binn\ManagementStudio\;c:\Program Files (x86)\Microsoft SQL Server\120\DTS\Binn\;c:\Program Files\Apache Software Foundation\apache-maven-3.2.3\bin;c:\Program Files\MongoDB 2.6 Standard\bin;c:\Program Files (x86)\Windows Kits\8.1\Windows Performance Toolkit\;c:\Program Files (x86)\Microsoft SDKs\TypeScript\1.0\;c:\Program Files\Google\Cloud SDK\google-cloud-sdk\bin;c:\Program Files\PostgreSQL\9.4\bin;c:\WINDOWS\system32;c:\WINDOWS;c:\WINDOWS\System32\Wbem;c:\WINDOWS\System32\WindowsPowerShell\v1.0\;c:\Program Files (x86)\NVIDIA Corporation\PhysX\Common;c:\Program Files (x86)\Windows Kits\10\Windows Performance Toolkit\;c:\Program Files (x86)\Skype\Phone\;c:\Program Files (x86)\MySQL\MySQL Fabric 1.5 & MySQL Utilities 1.5\;c:\Program Files (x86)\MySQL\MySQL Fabric 1.5 & MySQL Utilities 1.5\Doctrine extensions for PHP\;c:\WINDOWS\system32;c:\WINDOWS;c:\WINDOWS\System32\Wbem;c:\WINDOWS\System32\WindowsPowerShell\v1.0\;c:\WINDOWS\system32\config\systemprofile\.dnx\bin;c:\Program Files\Microsoft DNX\Dnvm\;c:\Program Files\Microsoft SQL Server\130\Tools\Binn\;c:\Program Files (x86)\GitExtensions\;c:\Program Files\nodejs\;c:\Program Files (x86)\GtkSharp\2.12\bin;c:\Program Files (x86)\NuGet\Visual Studio 2015;c:\Ruby22-x64\bin;c:\RailsInstaller\Ruby2.1.0\bin;c:\Program Files (x86)\Nmap;c:\Users\rosalindwills\AppData\Roaming\npm;c:\Users\rosalindwills\AppData\Local\Microsoft\WindowsApps;c:\Program Files\dig
10 verbose lifecycle rpthreadtracker@1.0.0~eslint:controllers: CWD: c:\Users\rosalindwills\Documents\Visual Studio 2012\Projects\TumblrThreadTracker\TumblrThreadTracker\application
11 silly lifecycle rpthreadtracker@1.0.0~eslint:controllers: Args: [ '/d /s /c', 'eslint scripts/controllers/** --fix' ]
12 silly lifecycle rpthreadtracker@1.0.0~eslint:controllers: Returned: code: 1  signal: null
13 info lifecycle rpthreadtracker@1.0.0~eslint:controllers: Failed to exec eslint:controllers script
14 verbose stack Error: rpthreadtracker@1.0.0 eslint:controllers: `eslint scripts/controllers/** --fix`
14 verbose stack Exit status 1
14 verbose stack     at EventEmitter.<anonymous> (C:\Users\rosalindwills\AppData\Roaming\npm\node_modules\npm\lib\utils\lifecycle.js:255:16)
14 verbose stack     at emitTwo (events.js:87:13)
14 verbose stack     at EventEmitter.emit (events.js:172:7)
14 verbose stack     at ChildProcess.<anonymous> (C:\Users\rosalindwills\AppData\Roaming\npm\node_modules\npm\lib\utils\spawn.js:40:14)
14 verbose stack     at emitTwo (events.js:87:13)
14 verbose stack     at ChildProcess.emit (events.js:172:7)
14 verbose stack     at maybeClose (internal/child_process.js:827:16)
14 verbose stack     at Process.ChildProcess._handle.onexit (internal/child_process.js:211:5)
15 verbose pkgid rpthreadtracker@1.0.0
16 verbose cwd c:\Users\rosalindwills\Documents\Visual Studio 2012\Projects\TumblrThreadTracker\TumblrThreadTracker\application
17 error Windows_NT 10.0.14393
18 error argv "c:\\Program Files\\nodejs\\node.exe" "C:\\Users\\rosalindwills\\AppData\\Roaming\\npm\\node_modules\\npm\\bin\\npm-cli.js" "run" "eslint:controllers"
19 error node v4.4.7
20 error npm  v3.10.6
21 error code ELIFECYCLE
22 error rpthreadtracker@1.0.0 eslint:controllers: `eslint scripts/controllers/** --fix`
22 error Exit status 1
23 error Failed at the rpthreadtracker@1.0.0 eslint:controllers script 'eslint scripts/controllers/** --fix'.
23 error Make sure you have the latest version of node.js and npm installed.
23 error If you do, this is most likely a problem with the rpthreadtracker package,
23 error not with npm itself.
23 error Tell the author that this fails on your system:
23 error     eslint scripts/controllers/** --fix
23 error You can get information on how to open an issue for this project with:
23 error     npm bugs rpthreadtracker
23 error Or if that isn't available, you can get their info via:
23 error     npm owner ls rpthreadtracker
23 error There is likely additional logging output above.
24 verbose exit [ 1, true ]
